<?xml version="1.0" encoding="utf-8"?>
<coverage line-rate="0.7127" branch-rate="0.6929000000000001" version="1.9" timestamp="1778440832" lines-covered="325" lines-valid="456" branches-covered="79" branches-valid="114">
  <sources>
    <source>D:\Facultate\Master Anul 1\Semestru 2\Calitatea Sistemelor Software\OS\</source>
  </sources>
  <packages>
    <package name="OS" line-rate="0.7127" branch-rate="0.6929000000000001" complexity="165">
      <classes>
        <class name="OS.App" filename="App.axaml.cs" line-rate="0" branch-rate="0" complexity="3">
          <methods>
            <method name="Initialize" signature="()" line-rate="0" branch-rate="1" complexity="1">
              <lines>
                <line number="9" hits="0" branch="False" />
              </lines>
            </method>
            <method name="OnFrameworkInitializationCompleted" signature="()" line-rate="0" branch-rate="0" complexity="2">
              <lines>
                <line number="12" hits="0" branch="False" />
                <line number="13" hits="0" branch="True" condition-coverage="0% (0/2)">
                  <conditions>
                    <condition number="19" type="jump" coverage="0%" />
                  </conditions>
                </line>
                <line number="14" hits="0" branch="False" />
                <line number="17" hits="0" branch="False" />
                <line number="18" hits="0" branch="False" />
                <line number="20" hits="0" branch="False" />
                <line number="21" hits="0" branch="False" />
              </lines>
            </method>
          </methods>
          <lines>
            <line number="9" hits="0" branch="False" />
            <line number="12" hits="0" branch="False" />
            <line number="13" hits="0" branch="True" condition-coverage="0% (0/2)">
              <conditions>
                <condition number="19" type="jump" coverage="0%" />
              </conditions>
            </line>
            <line number="14" hits="0" branch="False" />
            <line number="17" hits="0" branch="False" />
            <line number="18" hits="0" branch="False" />
            <line number="20" hits="0" branch="False" />
            <line number="21" hits="0" branch="False" />
          </lines>
        </class>
        <class name="OS.App" filename="App.axaml" line-rate="0" branch-rate="0" complexity="2">
          <methods>
            <method name="!XamlIlPopulate" signature="(System.IServiceProvider,OS.App)" line-rate="0" branch-rate="0" complexity="2">
              <lines>
                <line number="1" hits="0" branch="True" condition-coverage="0% (0/2)">
                  <conditions>
                    <condition number="139" type="jump" coverage="0%" />
                  </conditions>
                </line>
                <line number="4" hits="0" branch="False" />
                <line number="6" hits="0" branch="False" />
                <line number="7" hits="0" branch="False" />
              </lines>
            </method>
          </methods>
          <lines>
            <line number="1" hits="0" branch="True" condition-coverage="0% (0/2)">
              <conditions>
                <condition number="139" type="jump" coverage="0%" />
              </conditions>
            </line>
            <line number="4" hits="0" branch="False" />
            <line number="6" hits="0" branch="False" />
            <line number="7" hits="0" branch="False" />
          </lines>
        </class>
        <class name="OS.Program" filename="Program.cs" line-rate="0" branch-rate="1" complexity="2">
          <methods>
            <method name="Main" signature="(System.String[])" line-rate="0" branch-rate="1" complexity="1">
              <lines>
                <line number="12" hits="0" branch="False" />
                <line number="13" hits="0" branch="False" />
              </lines>
            </method>
            <method name="BuildAvaloniaApp" signature="()" line-rate="0" branch-rate="1" complexity="1">
              <lines>
                <line number="17" hits="0" branch="False" />
                <line number="18" hits="0" branch="False" />
                <line number="19" hits="0" branch="False" />
                <line number="20" hits="0" branch="False" />
                <line number="21" hits="0" branch="False" />
                <line number="22" hits="0" branch="False" />
                <line number="23" hits="0" branch="False" />
              </lines>
            </method>
          </methods>
          <lines>
            <line number="12" hits="0" branch="False" />
            <line number="13" hits="0" branch="False" />
            <line number="17" hits="0" branch="False" />
            <line number="18" hits="0" branch="False" />
            <line number="19" hits="0" branch="False" />
            <line number="20" hits="0" branch="False" />
            <line number="21" hits="0" branch="False" />
            <line number="22" hits="0" branch="False" />
            <line number="23" hits="0" branch="False" />
          </lines>
        </class>
        <class name="OS.MainWindow" filename="Views\MainWindow.axaml.cs" line-rate="0" branch-rate="1" complexity="2">
          <methods>
            <method name="InitializeComponent" signature="()" line-rate="0" branch-rate="1" complexity="1">
              <lines>
                <line number="19" hits="0" branch="False" />
                <line number="20" hits="0" branch="False" />
                <line number="21" hits="0" branch="False" />
              </lines>
            </method>
            <method name=".ctor" signature="()" line-rate="0" branch-rate="1" complexity="1">
              <lines>
                <line number="10" hits="0" branch="False" />
                <line number="11" hits="0" branch="False" />
                <line number="12" hits="0" branch="False" />
                <line number="14" hits="0" branch="False" />
                <line number="15" hits="0" branch="False" />
              </lines>
            </method>
          </methods>
          <lines>
            <line number="19" hits="0" branch="False" />
            <line number="20" hits="0" branch="False" />
            <line number="21" hits="0" branch="False" />
            <line number="10" hits="0" branch="False" />
            <line number="11" hits="0" branch="False" />
            <line number="12" hits="0" branch="False" />
            <line number="14" hits="0" branch="False" />
            <line number="15" hits="0" branch="False" />
          </lines>
        </class>
        <class name="OS.MainWindow" filename="MainWindow.axaml" line-rate="0" branch-rate="0" complexity="2">
          <methods>
            <method name="!XamlIlPopulate" signature="(System.IServiceProvider,OS.MainWindow)" line-rate="0" branch-rate="0" complexity="2">
              <lines>
                <line number="1" hits="0" branch="True" condition-coverage="0% (0/2)">
                  <conditions>
                    <condition number="6879" type="jump" coverage="0%" />
                  </conditions>
                </line>
                <line number="7" hits="0" branch="False" />
                <line number="8" hits="0" branch="False" />
                <line number="9" hits="0" branch="False" />
                <line number="11" hits="0" branch="False" />
                <line number="12" hits="0" branch="False" />
                <line number="13" hits="0" branch="False" />
                <line number="14" hits="0" branch="False" />
                <line number="15" hits="0" branch="False" />
                <line number="16" hits="0" branch="False" />
                <line number="17" hits="0" branch="False" />
                <line number="18" hits="0" branch="False" />
                <line number="20" hits="0" branch="False" />
                <line number="22" hits="0" branch="False" />
                <line number="25" hits="0" branch="False" />
                <line number="26" hits="0" branch="False" />
                <line number="27" hits="0" branch="False" />
                <line number="28" hits="0" branch="False" />
                <line number="29" hits="0" branch="False" />
                <line number="31" hits="0" branch="False" />
                <line number="34" hits="0" branch="False" />
                <line number="35" hits="0" branch="False" />
                <line number="36" hits="0" branch="False" />
                <line number="37" hits="0" branch="False" />
                <line number="39" hits="0" branch="False" />
                <line number="45" hits="0" branch="False" />
                <line number="46" hits="0" branch="False" />
                <line number="48" hits="0" branch="False" />
                <line number="49" hits="0" branch="False" />
                <line number="50" hits="0" branch="False" />
                <line number="51" hits="0" branch="False" />
                <line number="52" hits="0" branch="False" />
                <line number="55" hits="0" branch="False" />
                <line number="56" hits="0" branch="False" />
                <line number="58" hits="0" branch="False" />
                <line number="59" hits="0" branch="False" />
                <line number="63" hits="0" branch="False" />
                <line number="64" hits="0" branch="False" />
                <line number="80" hits="0" branch="False" />
                <line number="81" hits="0" branch="False" />
                <line number="83" hits="0" branch="False" />
                <line number="84" hits="0" branch="False" />
                <line number="86" hits="0" branch="False" />
                <line number="87" hits="0" branch="False" />
              </lines>
            </method>
          </methods>
          <lines>
            <line number="1" hits="0" branch="True" condition-coverage="0% (0/2)">
              <conditions>
                <condition number="6879" type="jump" coverage="0%" />
              </conditions>
            </line>
            <line number="7" hits="0" branch="False" />
            <line number="8" hits="0" branch="False" />
            <line number="9" hits="0" branch="False" />
            <line number="11" hits="0" branch="False" />
            <line number="12" hits="0" branch="False" />
            <line number="13" hits="0" branch="False" />
            <line number="14" hits="0" branch="False" />
            <line number="15" hits="0" branch="False" />
            <line number="16" hits="0" branch="False" />
            <line number="17" hits="0" branch="False" />
            <line number="18" hits="0" branch="False" />
            <line number="20" hits="0" branch="False" />
            <line number="22" hits="0" branch="False" />
            <line number="25" hits="0" branch="False" />
            <line number="26" hits="0" branch="False" />
            <line number="27" hits="0" branch="False" />
            <line number="28" hits="0" branch="False" />
            <line number="29" hits="0" branch="False" />
            <line number="31" hits="0" branch="False" />
            <line number="34" hits="0" branch="False" />
            <line number="35" hits="0" branch="False" />
            <line number="36" hits="0" branch="False" />
            <line number="37" hits="0" branch="False" />
            <line number="39" hits="0" branch="False" />
            <line number="45" hits="0" branch="False" />
            <line number="46" hits="0" branch="False" />
            <line number="48" hits="0" branch="False" />
            <line number="49" hits="0" branch="False" />
            <line number="50" hits="0" branch="False" />
            <line number="51" hits="0" branch="False" />
            <line number="52" hits="0" branch="False" />
            <line number="55" hits="0" branch="False" />
            <line number="56" hits="0" branch="False" />
            <line number="58" hits="0" branch="False" />
            <line number="59" hits="0" branch="False" />
            <line number="63" hits="0" branch="False" />
            <line number="64" hits="0" branch="False" />
            <line number="80" hits="0" branch="False" />
            <line number="81" hits="0" branch="False" />
            <line number="83" hits="0" branch="False" />
            <line number="84" hits="0" branch="False" />
            <line number="86" hits="0" branch="False" />
            <line number="87" hits="0" branch="False" />
          </lines>
        </class>
        <class name="OS.MainWindow/XamlClosure_1" filename="MainWindow.axaml" line-rate="0" branch-rate="1" complexity="2">
          <methods>
            <method name="Build_2" signature="(System.IServiceProvider)" line-rate="0" branch-rate="1" complexity="1">
              <lines>
                <line number="66" hits="0" branch="False" />
                <line number="67" hits="0" branch="False" />
                <line number="69" hits="0" branch="False" />
              </lines>
            </method>
            <method name="Build_3" signature="(System.IServiceProvider)" line-rate="0" branch-rate="1" complexity="1">
              <lines>
                <line number="88" hits="0" branch="False" />
                <line number="89" hits="0" branch="False" />
                <line number="90" hits="0" branch="False" />
                <line number="91" hits="0" branch="False" />
              </lines>
            </method>
          </methods>
          <lines>
            <line number="66" hits="0" branch="False" />
            <line number="67" hits="0" branch="False" />
            <line number="69" hits="0" branch="False" />
            <line number="88" hits="0" branch="False" />
            <line number="89" hits="0" branch="False" />
            <line number="90" hits="0" branch="False" />
            <line number="91" hits="0" branch="False" />
          </lines>
        </class>
        <class name="OS.ViewModels.GanttSegment" filename="ViewModels\MainViewModel.cs" line-rate="1" branch-rate="1" complexity="1">
          <methods>
            <method name="get_X" signature="()" line-rate="1" branch-rate="1" complexity="1">
              <lines>
                <line number="15" hits="20" branch="False" />
              </lines>
            </method>
          </methods>
          <lines>
            <line number="15" hits="20" branch="False" />
          </lines>
        </class>
        <class name="OS.ViewModels.MainWindowViewModel" filename="ViewModels\MainViewModel.cs" line-rate="0.8216" branch-rate="0.6136" complexity="60">
          <methods>
            <method name="get_CurrentRamUsage" signature="()" line-rate="1" branch-rate="1" complexity="1">
              <lines>
                <line number="25" hits="1" branch="False" />
              </lines>
            </method>
            <method name="set_CurrentRamUsage" signature="(System.Double)" line-rate="1" branch-rate="1" complexity="1">
              <lines>
                <line number="26" hits="6" branch="False" />
              </lines>
            </method>
            <method name="get_MaxRam" signature="()" line-rate="1" branch-rate="1" complexity="1">
              <lines>
                <line number="32" hits="1" branch="False" />
              </lines>
            </method>
            <method name="set_MaxRam" signature="(System.Double)" line-rate="1" branch-rate="1" complexity="1">
              <lines>
                <line number="33" hits="6" branch="False" />
              </lines>
            </method>
            <method name="get_CpuLoad" signature="()" line-rate="1" branch-rate="1" complexity="1">
              <lines>
                <line number="39" hits="1" branch="False" />
              </lines>
            </method>
            <method name="set_CpuLoad" signature="(System.Double)" line-rate="1" branch-rate="1" complexity="1">
              <lines>
                <line number="40" hits="6" branch="False" />
              </lines>
            </method>
            <method name="get_GanttSegments" signature="()" line-rate="1" branch-rate="1" complexity="1">
              <lines>
                <line number="46" hits="14" branch="False" />
              </lines>
            </method>
            <method name="get_DisplayEvents" signature="()" line-rate="1" branch-rate="1" complexity="1">
              <lines>
                <line number="49" hits="24" branch="False" />
              </lines>
            </method>
            <method name="get_CurrentTime" signature="()" line-rate="1" branch-rate="1" complexity="1">
              <lines>
                <line number="54" hits="25" branch="False" />
              </lines>
            </method>
            <method name="set_CurrentTime" signature="(System.Int32)" line-rate="1" branch-rate="1" complexity="1">
              <lines>
                <line number="55" hits="48" branch="False" />
              </lines>
            </method>
            <method name="get_StatusMessage" signature="()" line-rate="1" branch-rate="1" complexity="1">
              <lines>
                <line number="61" hits="5" branch="False" />
              </lines>
            </method>
            <method name="set_StatusMessage" signature="(System.String)" line-rate="1" branch-rate="1" complexity="1">
              <lines>
                <line number="62" hits="88" branch="False" />
              </lines>
            </method>
            <method name="InitializeDemo" signature="()" line-rate="1" branch-rate="1" complexity="1">
              <lines>
                <line number="72" hits="8" branch="False" />
                <line number="74" hits="8" branch="False" />
                <line number="75" hits="8" branch="False" />
                <line number="76" hits="8" branch="False" />
                <line number="77" hits="8" branch="False" />
                <line number="79" hits="8" branch="False" />
                <line number="80" hits="8" branch="False" />
                <line number="83" hits="8" branch="False" />
                <line number="84" hits="8" branch="False" />
                <line number="85" hits="8" branch="False" />
              </lines>
            </method>
            <method name="RunNextTick" signature="()" line-rate="0.8461" branch-rate="0.75" complexity="16">
              <lines>
                <line number="88" hits="6" branch="False" />
                <line number="89" hits="6" branch="True" condition-coverage="100% (2/2)">
                  <conditions>
                    <condition number="14" type="jump" coverage="100%" />
                  </conditions>
                </line>
                <line number="91" hits="6" branch="False" />
                <line number="94" hits="6" branch="False" />
                <line number="97" hits="6" branch="False" />
                <line number="101" hits="6" branch="False" />
                <line number="102" hits="30" branch="True" condition-coverage="100% (2/2)">
                  <conditions>
                    <condition number="105" type="jump" coverage="100%" />
                  </conditions>
                </line>
                <line number="103" hits="6" branch="False" />
                <line number="104" hits="6" branch="False" />
                <line number="105" hits="6" branch="False" />
                <line number="108" hits="6" branch="False" />
                <line number="111" hits="6" branch="False" />
                <line number="112" hits="12" branch="False" />
                <line number="113" hits="6" branch="True" condition-coverage="50% (1/2)">
                  <conditions>
                    <condition number="211" type="jump" coverage="50%" />
                  </conditions>
                </line>
                <line number="116" hits="14" branch="False" />
                <line number="117" hits="30" branch="True" condition-coverage="100% (2/2)">
                  <conditions>
                    <condition number="485" type="jump" coverage="100%" />
                  </conditions>
                </line>
                <line number="118" hits="6" branch="False" />
                <line number="119" hits="6" branch="True" condition-coverage="100% (4/4)">
                  <conditions>
                    <condition number="320" type="jump" coverage="100%" />
                    <condition number="345" type="jump" coverage="100%" />
                  </conditions>
                </line>
                <line number="120" hits="1" branch="False" />
                <line number="121" hits="1" branch="False" />
                <line number="122" hits="1" branch="False" />
                <line number="123" hits="1" branch="False" />
                <line number="124" hits="1" branch="False" />
                <line number="125" hits="1" branch="False" />
                <line number="126" hits="1" branch="False" />
                <line number="127" hits="1" branch="False" />
                <line number="128" hits="1" branch="False" />
                <line number="129" hits="6" branch="False" />
                <line number="130" hits="6" branch="False" />
                <line number="132" hits="6" branch="False" />
                <line number="133" hits="6" branch="False" />
                <line number="135" hits="6" branch="True" condition-coverage="50% (1/2)">
                  <conditions>
                    <condition number="592" type="jump" coverage="50%" />
                  </conditions>
                </line>
                <line number="136" hits="0" branch="False" />
                <line number="137" hits="0" branch="True" condition-coverage="0% (0/2)">
                  <conditions>
                    <condition number="602" type="jump" coverage="0%" />
                  </conditions>
                </line>
                <line number="138" hits="0" branch="False" />
                <line number="139" hits="0" branch="False" />
                <line number="140" hits="0" branch="False" />
                <line number="141" hits="0" branch="False" />
                <line number="142" hits="6" branch="False" />
              </lines>
            </method>
            <method name="ResetSimulation" signature="()" line-rate="1" branch-rate="0.5" complexity="4">
              <lines>
                <line number="146" hits="1" branch="False" />
                <line number="147" hits="1" branch="True" condition-coverage="50% (1/2)">
                  <conditions>
                    <condition number="8" type="jump" coverage="50%" />
                  </conditions>
                </line>
                <line number="148" hits="1" branch="False" />
                <line number="151" hits="1" branch="True" condition-coverage="50% (1/2)">
                  <conditions>
                    <condition number="34" type="jump" coverage="50%" />
                  </conditions>
                </line>
                <line number="154" hits="1" branch="False" />
                <line number="157" hits="1" branch="False" />
                <line number="160" hits="1" branch="False" />
                <line number="162" hits="1" branch="False" />
                <line number="163" hits="1" branch="False" />
              </lines>
            </method>
            <method name="OnPropertyChanged" signature="(System.String)" line-rate="1" branch-rate="0.5" complexity="2">
              <lines>
                <line number="168" hits="35" branch="False" />
                <line number="169" hits="35" branch="True" condition-coverage="50% (1/2)">
                  <conditions>
                    <condition number="8" type="jump" coverage="50%" />
                  </conditions>
                </line>
                <line number="170" hits="35" branch="False" />
              </lines>
            </method>
            <method name="LoadConfiguration" signature="(System.String)" line-rate="1" branch-rate="0.875" complexity="8">
              <lines>
                <line number="174" hits="7" branch="False" />
                <line number="176" hits="7" branch="False" />
                <line number="177" hits="7" branch="False" />
                <line number="179" hits="7" branch="False" />
                <line number="180" hits="7" branch="False" />
                <line number="181" hits="7" branch="False" />
                <line number="183" hits="7" branch="True" condition-coverage="100% (2/2)">
                  <conditions>
                    <condition number="81" type="jump" coverage="100%" />
                  </conditions>
                </line>
                <line number="185" hits="5" branch="False" />
                <line number="186" hits="5" branch="False" />
                <line number="187" hits="5" branch="False" />
                <line number="188" hits="5" branch="False" />
                <line number="189" hits="5" branch="False" />
                <line number="190" hits="5" branch="False" />
                <line number="192" hits="5" branch="False" />
                <line number="194" hits="10" branch="True" condition-coverage="100% (2/2)">
                  <conditions>
                    <condition number="314" type="jump" coverage="100%" />
                  </conditions>
                </line>
                <line number="195" hits="5" branch="False" />
                <line number="196" hits="5" branch="False" />
                <line number="197" hits="5" branch="False" />
                <line number="198" hits="5" branch="False" />
                <line number="199" hits="5" branch="False" />
                <line number="201" hits="5" branch="False" />
                <line number="202" hits="20" branch="True" condition-coverage="100% (2/2)">
                  <conditions>
                    <condition number="280" type="jump" coverage="100%" />
                  </conditions>
                </line>
                <line number="203" hits="5" branch="False" />
                <line number="204" hits="5" branch="False" />
                <line number="205" hits="5" branch="False" />
                <line number="207" hits="5" branch="True" condition-coverage="50% (1/2)">
                  <conditions>
                    <condition number="236" type="jump" coverage="50%" />
                  </conditions>
                </line>
                <line number="208" hits="5" branch="False" />
                <line number="209" hits="5" branch="False" />
                <line number="210" hits="5" branch="False" />
                <line number="211" hits="5" branch="False" />
                <line number="212" hits="5" branch="False" />
                <line number="214" hits="5" branch="False" />
                <line number="215" hits="5" branch="False" />
                <line number="218" hits="5" branch="False" />
                <line number="220" hits="5" branch="False" />
                <line number="221" hits="5" branch="False" />
                <line number="222" hits="5" branch="False" />
                <line number="223" hits="5" branch="False" />
                <line number="224" hits="1" branch="False" />
                <line number="225" hits="1" branch="False" />
                <line number="226" hits="1" branch="False" />
                <line number="227" hits="1" branch="False" />
                <line number="228" hits="7" branch="False" />
              </lines>
            </method>
            <method name="ExportLog" signature="()" line-rate="1" branch-rate="0.75" complexity="4">
              <lines>
                <line number="252" hits="1" branch="False" />
                <line number="253" hits="1" branch="True" condition-coverage="75% (3/4)">
                  <conditions>
                    <condition number="7" type="jump" coverage="50%" />
                    <condition number="33" type="jump" coverage="100%" />
                  </conditions>
                </line>
                <line number="255" hits="1" branch="False" />
                <line number="256" hits="2" branch="False" />
                <line number="258" hits="1" branch="False" />
                <line number="259" hits="1" branch="False" />
                <line number="260" hits="1" branch="False" />
              </lines>
            </method>
            <method name="get_IsRunning" signature="()" line-rate="1" branch-rate="1" complexity="1">
              <lines>
                <line number="264" hits="1" branch="False" />
              </lines>
            </method>
            <method name="set_IsRunning" signature="(System.Boolean)" line-rate="1" branch-rate="1" complexity="1">
              <lines>
                <line number="265" hits="4" branch="False" />
              </lines>
            </method>
            <method name="ToggleSimulation" signature="()" line-rate="0" branch-rate="0" complexity="4">
              <lines>
                <line number="269" hits="0" branch="False" />
                <line number="270" hits="0" branch="True" condition-coverage="0% (0/2)">
                  <conditions>
                    <condition number="12" type="jump" coverage="0%" />
                  </conditions>
                </line>
                <line number="271" hits="0" branch="False" />
                <line number="272" hits="0" branch="False" />
                <line number="273" hits="0" branch="False" />
                <line number="274" hits="0" branch="False" />
                <line number="275" hits="0" branch="False" />
                <line number="277" hits="0" branch="True" condition-coverage="0% (0/2)">
                  <conditions>
                    <condition number="82" type="jump" coverage="0%" />
                  </conditions>
                </line>
                <line number="278" hits="0" branch="False" />
                <line number="279" hits="0" branch="False" />
                <line number="280" hits="0" branch="False" />
                <line number="281" hits="0" branch="False" />
                <line number="282" hits="0" branch="False" />
                <line number="284" hits="0" branch="False" />
                <line number="285" hits="0" branch="False" />
                <line number="286" hits="0" branch="False" />
                <line number="287" hits="0" branch="False" />
                <line number="288" hits="0" branch="False" />
                <line number="289" hits="0" branch="False" />
              </lines>
            </method>
            <method name="GetColorForPid" signature="(System.Nullable`1&lt;System.Int32&gt;)" line-rate="0.5714" branch-rate="0.3333" complexity="6">
              <lines>
                <line number="291" hits="1" branch="True" condition-coverage="33.33% (2/6)">
                  <conditions>
                    <condition number="11" type="jump" coverage="50%" />
                    <condition number="24" type="switch" coverage="25%" />
                  </conditions>
                </line>
                <line number="292" hits="1" branch="False" />
                <line number="293" hits="1" branch="False" />
                <line number="294" hits="0" branch="False" />
                <line number="295" hits="0" branch="False" />
                <line number="296" hits="0" branch="False" />
                <line number="297" hits="1" branch="False" />
              </lines>
            </method>
            <method name=".ctor" signature="()" line-rate="1" branch-rate="1" complexity="1">
              <lines>
                <line number="29" hits="8" branch="False" />
                <line number="58" hits="8" branch="False" />
                <line number="65" hits="8" branch="False" />
                <line number="66" hits="8" branch="False" />
                <line number="68" hits="8" branch="False" />
                <line number="69" hits="8" branch="False" />
              </lines>
            </method>
          </methods>
          <lines>
            <line number="25" hits="1" branch="False" />
            <line number="26" hits="6" branch="False" />
            <line number="32" hits="1" branch="False" />
            <line number="33" hits="6" branch="False" />
            <line number="39" hits="1" branch="False" />
            <line number="40" hits="6" branch="False" />
            <line number="46" hits="14" branch="False" />
            <line number="49" hits="24" branch="False" />
            <line number="54" hits="25" branch="False" />
            <line number="55" hits="48" branch="False" />
            <line number="61" hits="5" branch="False" />
            <line number="62" hits="88" branch="False" />
            <line number="72" hits="8" branch="False" />
            <line number="74" hits="8" branch="False" />
            <line number="75" hits="8" branch="False" />
            <line number="76" hits="8" branch="False" />
            <line number="77" hits="8" branch="False" />
            <line number="79" hits="8" branch="False" />
            <line number="80" hits="8" branch="False" />
            <line number="83" hits="8" branch="False" />
            <line number="84" hits="8" branch="False" />
            <line number="85" hits="8" branch="False" />
            <line number="88" hits="6" branch="False" />
            <line number="89" hits="6" branch="True" condition-coverage="100% (2/2)">
              <conditions>
                <condition number="14" type="jump" coverage="100%" />
              </conditions>
            </line>
            <line number="91" hits="6" branch="False" />
            <line number="94" hits="6" branch="False" />
            <line number="97" hits="6" branch="False" />
            <line number="101" hits="6" branch="False" />
            <line number="102" hits="30" branch="True" condition-coverage="100% (2/2)">
              <conditions>
                <condition number="105" type="jump" coverage="100%" />
              </conditions>
            </line>
            <line number="103" hits="6" branch="False" />
            <line number="104" hits="6" branch="False" />
            <line number="105" hits="6" branch="False" />
            <line number="108" hits="6" branch="False" />
            <line number="111" hits="6" branch="False" />
            <line number="112" hits="12" branch="False" />
            <line number="113" hits="6" branch="True" condition-coverage="50% (1/2)">
              <conditions>
                <condition number="211" type="jump" coverage="50%" />
              </conditions>
            </line>
            <line number="116" hits="14" branch="False" />
            <line number="117" hits="30" branch="True" condition-coverage="100% (2/2)">
              <conditions>
                <condition number="485" type="jump" coverage="100%" />
              </conditions>
            </line>
            <line number="118" hits="6" branch="False" />
            <line number="119" hits="6" branch="True" condition-coverage="100% (4/4)">
              <conditions>
                <condition number="320" type="jump" coverage="100%" />
                <condition number="345" type="jump" coverage="100%" />
              </conditions>
            </line>
            <line number="120" hits="1" branch="False" />
            <line number="121" hits="1" branch="False" />
            <line number="122" hits="1" branch="False" />
            <line number="123" hits="1" branch="False" />
            <line number="124" hits="1" branch="False" />
            <line number="125" hits="1" branch="False" />
            <line number="126" hits="1" branch="False" />
            <line number="127" hits="1" branch="False" />
            <line number="128" hits="1" branch="False" />
            <line number="129" hits="6" branch="False" />
            <line number="130" hits="6" branch="False" />
            <line number="132" hits="6" branch="False" />
            <line number="133" hits="6" branch="False" />
            <line number="135" hits="6" branch="True" condition-coverage="50% (1/2)">
              <conditions>
                <condition number="592" type="jump" coverage="50%" />
              </conditions>
            </line>
            <line number="136" hits="0" branch="False" />
            <line number="137" hits="0" branch="True" condition-coverage="0% (0/2)">
              <conditions>
                <condition number="602" type="jump" coverage="0%" />
              </conditions>
            </line>
            <line number="138" hits="0" branch="False" />
            <line number="139" hits="0" branch="False" />
            <line number="140" hits="0" branch="False" />
            <line number="141" hits="0" branch="False" />
            <line number="142" hits="6" branch="False" />
            <line number="146" hits="1" branch="False" />
            <line number="147" hits="1" branch="True" condition-coverage="50% (1/2)">
              <conditions>
                <condition number="8" type="jump" coverage="50%" />
              </conditions>
            </line>
            <line number="148" hits="1" branch="False" />
            <line number="151" hits="1" branch="True" condition-coverage="50% (1/2)">
              <conditions>
                <condition number="34" type="jump" coverage="50%" />
              </conditions>
            </line>
            <line number="154" hits="1" branch="False" />
            <line number="157" hits="1" branch="False" />
            <line number="160" hits="1" branch="False" />
            <line number="162" hits="1" branch="False" />
            <line number="163" hits="1" branch="False" />
            <line number="168" hits="35" branch="False" />
            <line number="169" hits="35" branch="True" condition-coverage="50% (1/2)">
              <conditions>
                <condition number="8" type="jump" coverage="50%" />
              </conditions>
            </line>
            <line number="170" hits="35" branch="False" />
            <line number="174" hits="7" branch="False" />
            <line number="176" hits="7" branch="False" />
            <line number="177" hits="7" branch="False" />
            <line number="179" hits="7" branch="False" />
            <line number="180" hits="7" branch="False" />
            <line number="181" hits="7" branch="False" />
            <line number="183" hits="7" branch="True" condition-coverage="100% (2/2)">
              <conditions>
                <condition number="81" type="jump" coverage="100%" />
              </conditions>
            </line>
            <line number="185" hits="5" branch="False" />
            <line number="186" hits="5" branch="False" />
            <line number="187" hits="5" branch="False" />
            <line number="188" hits="5" branch="False" />
            <line number="189" hits="5" branch="False" />
            <line number="190" hits="5" branch="False" />
            <line number="192" hits="5" branch="False" />
            <line number="194" hits="10" branch="True" condition-coverage="100% (2/2)">
              <conditions>
                <condition number="314" type="jump" coverage="100%" />
              </conditions>
            </line>
            <line number="195" hits="5" branch="False" />
            <line number="196" hits="5" branch="False" />
            <line number="197" hits="5" branch="False" />
            <line number="198" hits="5" branch="False" />
            <line number="199" hits="5" branch="False" />
            <line number="201" hits="5" branch="False" />
            <line number="202" hits="20" branch="True" condition-coverage="100% (2/2)">
              <conditions>
                <condition number="280" type="jump" coverage="100%" />
              </conditions>
            </line>
            <line number="203" hits="5" branch="False" />
            <line number="204" hits="5" branch="False" />
            <line number="205" hits="5" branch="False" />
            <line number="207" hits="5" branch="True" condition-coverage="50% (1/2)">
              <conditions>
                <condition number="236" type="jump" coverage="50%" />
              </conditions>
            </line>
            <line number="208" hits="5" branch="False" />
            <line number="209" hits="5" branch="False" />
            <line number="210" hits="5" branch="False" />
            <line number="211" hits="5" branch="False" />
            <line number="212" hits="5" branch="False" />
            <line number="214" hits="5" branch="False" />
            <line number="215" hits="5" branch="False" />
            <line number="218" hits="5" branch="False" />
            <line number="220" hits="5" branch="False" />
            <line number="221" hits="5" branch="False" />
            <line number="222" hits="5" branch="False" />
            <line number="223" hits="5" branch="False" />
            <line number="224" hits="1" branch="False" />
            <line number="225" hits="1" branch="False" />
            <line number="226" hits="1" branch="False" />
            <line number="227" hits="1" branch="False" />
            <line number="228" hits="7" branch="False" />
            <line number="252" hits="1" branch="False" />
            <line number="253" hits="1" branch="True" condition-coverage="75% (3/4)">
              <conditions>
                <condition number="7" type="jump" coverage="50%" />
                <condition number="33" type="jump" coverage="100%" />
              </conditions>
            </line>
            <line number="255" hits="1" branch="False" />
            <line number="256" hits="2" branch="False" />
            <line number="258" hits="1" branch="False" />
            <line number="259" hits="1" branch="False" />
            <line number="260" hits="1" branch="False" />
            <line number="264" hits="1" branch="False" />
            <line number="265" hits="4" branch="False" />
            <line number="269" hits="0" branch="False" />
            <line number="270" hits="0" branch="True" condition-coverage="0% (0/2)">
              <conditions>
                <condition number="12" type="jump" coverage="0%" />
              </conditions>
            </line>
            <line number="271" hits="0" branch="False" />
            <line number="272" hits="0" branch="False" />
            <line number="273" hits="0" branch="False" />
            <line number="274" hits="0" branch="False" />
            <line number="275" hits="0" branch="False" />
            <line number="277" hits="0" branch="True" condition-coverage="0% (0/2)">
              <conditions>
                <condition number="82" type="jump" coverage="0%" />
              </conditions>
            </line>
            <line number="278" hits="0" branch="False" />
            <line number="279" hits="0" branch="False" />
            <line number="280" hits="0" branch="False" />
            <line number="281" hits="0" branch="False" />
            <line number="282" hits="0" branch="False" />
            <line number="284" hits="0" branch="False" />
            <line number="285" hits="0" branch="False" />
            <line number="286" hits="0" branch="False" />
            <line number="287" hits="0" branch="False" />
            <line number="288" hits="0" branch="False" />
            <line number="289" hits="0" branch="False" />
            <line number="291" hits="1" branch="True" condition-coverage="33.33% (2/6)">
              <conditions>
                <condition number="11" type="jump" coverage="50%" />
                <condition number="24" type="switch" coverage="25%" />
              </conditions>
            </line>
            <line number="292" hits="1" branch="False" />
            <line number="293" hits="1" branch="False" />
            <line number="294" hits="0" branch="False" />
            <line number="295" hits="0" branch="False" />
            <line number="296" hits="0" branch="False" />
            <line number="297" hits="1" branch="False" />
            <line number="29" hits="8" branch="False" />
            <line number="58" hits="8" branch="False" />
            <line number="65" hits="8" branch="False" />
            <line number="66" hits="8" branch="False" />
            <line number="68" hits="8" branch="False" />
            <line number="69" hits="8" branch="False" />
          </lines>
        </class>
        <class name="OS.ViewModels.MainWindowViewModel/&lt;OpenFileCommand&gt;d__38" filename="ViewModels\MainViewModel.cs" line-rate="0" branch-rate="0" complexity="8">
          <methods>
            <method name="MoveNext" signature="()" line-rate="0" branch-rate="0" complexity="8">
              <lines>
                <line number="231" hits="0" branch="False" />
                <line number="233" hits="0" branch="True" condition-coverage="0% (0/4)">
                  <conditions>
                    <condition number="25" type="jump" coverage="0%" />
                    <condition number="55" type="jump" coverage="0%" />
                  </conditions>
                </line>
                <line number="234" hits="0" branch="False" />
                <line number="235" hits="0" branch="False" />
                <line number="237" hits="0" branch="True" condition-coverage="0% (0/2)">
                  <conditions>
                    <condition number="92" type="jump" coverage="0%" />
                  </conditions>
                </line>
                <line number="239" hits="0" branch="False" />
                <line number="240" hits="0" branch="False" />
                <line number="241" hits="0" branch="False" />
                <line number="242" hits="0" branch="False" />
                <line number="243" hits="0" branch="False" />
                <line number="245" hits="0" branch="True" condition-coverage="0% (0/2)">
                  <conditions>
                    <condition number="273" type="jump" coverage="0%" />
                  </conditions>
                </line>
                <line number="246" hits="0" branch="False" />
                <line number="247" hits="0" branch="False" />
                <line number="248" hits="0" branch="False" />
                <line number="249" hits="0" branch="False" />
              </lines>
            </method>
          </methods>
          <lines>
            <line number="231" hits="0" branch="False" />
            <line number="233" hits="0" branch="True" condition-coverage="0% (0/4)">
              <conditions>
                <condition number="25" type="jump" coverage="0%" />
                <condition number="55" type="jump" coverage="0%" />
              </conditions>
            </line>
            <line number="234" hits="0" branch="False" />
            <line number="235" hits="0" branch="False" />
            <line number="237" hits="0" branch="True" condition-coverage="0% (0/2)">
              <conditions>
                <condition number="92" type="jump" coverage="0%" />
              </conditions>
            </line>
            <line number="239" hits="0" branch="False" />
            <line number="240" hits="0" branch="False" />
            <line number="241" hits="0" branch="False" />
            <line number="242" hits="0" branch="False" />
            <line number="243" hits="0" branch="False" />
            <line number="245" hits="0" branch="True" condition-coverage="0% (0/2)">
              <conditions>
                <condition number="273" type="jump" coverage="0%" />
              </conditions>
            </line>
            <line number="246" hits="0" branch="False" />
            <line number="247" hits="0" branch="False" />
            <line number="248" hits="0" branch="False" />
            <line number="249" hits="0" branch="False" />
          </lines>
        </class>
        <class name="OS.Core.Activity" filename="Core\Activity.cs" line-rate="1" branch-rate="1" complexity="2">
          <methods>
            <method name="get_Type" signature="()" line-rate="1" branch-rate="1" complexity="1">
              <lines>
                <line number="11" hits="46" branch="False" />
              </lines>
            </method>
            <method name="get_Duration" signature="()" line-rate="1" branch-rate="1" complexity="1">
              <lines>
                <line number="12" hits="61" branch="False" />
              </lines>
            </method>
          </methods>
          <lines>
            <line number="11" hits="46" branch="False" />
            <line number="12" hits="61" branch="False" />
          </lines>
        </class>
        <class name="OS.Core.MemoryManager" filename="Core\MemoryManager.cs" line-rate="1" branch-rate="1" complexity="13">
          <methods>
            <method name="get_TotalMemory" signature="()" line-rate="1" branch-rate="1" complexity="1">
              <lines>
                <line number="7" hits="31" branch="False" />
              </lines>
            </method>
            <method name="get_DiskTransferRate" signature="()" line-rate="1" branch-rate="1" complexity="1">
              <lines>
                <line number="8" hits="18" branch="False" />
              </lines>
            </method>
            <method name="get_RamProcesses" signature="()" line-rate="1" branch-rate="1" complexity="1">
              <lines>
                <line number="10" hits="104" branch="False" />
              </lines>
            </method>
            <method name="GetFreeMemory" signature="()" line-rate="1" branch-rate="1" complexity="2">
              <lines>
                <line number="24" hits="22" branch="False" />
                <line number="25" hits="22" branch="False" />
                <line number="26" hits="86" branch="True" condition-coverage="100% (2/2)">
                  <conditions>
                    <condition number="42" type="jump" coverage="100%" />
                  </conditions>
                </line>
                <line number="27" hits="10" branch="False" />
                <line number="28" hits="22" branch="False" />
                <line number="29" hits="22" branch="False" />
              </lines>
            </method>
            <method name="EnsureInRam" signature="(OS.Core.Process)" line-rate="1" branch-rate="1" complexity="6">
              <lines>
                <line number="32" hits="15" branch="False" />
                <line number="33" hits="16" branch="True" condition-coverage="100% (2/2)">
                  <conditions>
                    <condition number="15" type="jump" coverage="100%" />
                  </conditions>
                </line>
                <line number="35" hits="14" branch="False" />
                <line number="37" hits="16" branch="True" condition-coverage="100% (4/4)">
                  <conditions>
                    <condition number="106" type="jump" coverage="100%" />
                    <condition number="83" type="jump" coverage="100%" />
                  </conditions>
                </line>
                <line number="38" hits="2" branch="False" />
                <line number="39" hits="2" branch="False" />
                <line number="40" hits="2" branch="False" />
                <line number="41" hits="2" branch="False" />
                <line number="42" hits="2" branch="False" />
                <line number="45" hits="14" branch="False" />
                <line number="46" hits="14" branch="False" />
                <line number="48" hits="14" branch="False" />
                <line number="49" hits="15" branch="False" />
              </lines>
            </method>
            <method name=".ctor" signature="(System.Int32,System.Double)" line-rate="1" branch-rate="1" complexity="1">
              <lines>
                <line number="12" hits="24" branch="False" />
                <line number="13" hits="24" branch="False" />
                <line number="14" hits="24" branch="False" />
                <line number="15" hits="24" branch="False" />
                <line number="16" hits="24" branch="False" />
              </lines>
            </method>
            <method name=".ctor" signature="(System.Int32)" line-rate="1" branch-rate="1" complexity="1">
              <lines>
                <line number="18" hits="1" branch="False" />
                <line number="19" hits="1" branch="False" />
                <line number="20" hits="1" branch="False" />
                <line number="21" hits="1" branch="False" />
              </lines>
            </method>
          </methods>
          <lines>
            <line number="7" hits="31" branch="False" />
            <line number="8" hits="18" branch="False" />
            <line number="10" hits="104" branch="False" />
            <line number="24" hits="22" branch="False" />
            <line number="25" hits="22" branch="False" />
            <line number="26" hits="86" branch="True" condition-coverage="100% (2/2)">
              <conditions>
                <condition number="42" type="jump" coverage="100%" />
              </conditions>
            </line>
            <line number="27" hits="10" branch="False" />
            <line number="28" hits="22" branch="False" />
            <line number="29" hits="22" branch="False" />
            <line number="32" hits="15" branch="False" />
            <line number="33" hits="16" branch="True" condition-coverage="100% (2/2)">
              <conditions>
                <condition number="15" type="jump" coverage="100%" />
              </conditions>
            </line>
            <line number="35" hits="14" branch="False" />
            <line number="37" hits="16" branch="True" condition-coverage="100% (4/4)">
              <conditions>
                <condition number="106" type="jump" coverage="100%" />
                <condition number="83" type="jump" coverage="100%" />
              </conditions>
            </line>
            <line number="38" hits="2" branch="False" />
            <line number="39" hits="2" branch="False" />
            <line number="40" hits="2" branch="False" />
            <line number="41" hits="2" branch="False" />
            <line number="42" hits="2" branch="False" />
            <line number="45" hits="14" branch="False" />
            <line number="46" hits="14" branch="False" />
            <line number="48" hits="14" branch="False" />
            <line number="49" hits="15" branch="False" />
            <line number="12" hits="24" branch="False" />
            <line number="13" hits="24" branch="False" />
            <line number="14" hits="24" branch="False" />
            <line number="15" hits="24" branch="False" />
            <line number="16" hits="24" branch="False" />
            <line number="18" hits="1" branch="False" />
            <line number="19" hits="1" branch="False" />
            <line number="20" hits="1" branch="False" />
            <line number="21" hits="1" branch="False" />
          </lines>
        </class>
        <class name="OS.Core.SimulationEvent" filename="Core\Models.cs" line-rate="1" branch-rate="1" complexity="1">
          <methods>
            <method name="get_Time" signature="()" line-rate="1" branch-rate="1" complexity="1">
              <lines>
                <line number="3" hits="110" branch="False" />
              </lines>
            </method>
          </methods>
          <lines>
            <line number="3" hits="110" branch="False" />
          </lines>
        </class>
        <class name="OS.Core.Process" filename="Core\Process.cs" line-rate="1" branch-rate="1" complexity="9">
          <methods>
            <method name="get_Id" signature="()" line-rate="1" branch-rate="1" complexity="1">
              <lines>
                <line number="7" hits="38" branch="False" />
              </lines>
            </method>
            <method name="get_MemoryRequired" signature="()" line-rate="1" branch-rate="1" complexity="1">
              <lines>
                <line number="8" hits="50" branch="False" />
              </lines>
            </method>
            <method name="get_ReleaseTime" signature="()" line-rate="1" branch-rate="1" complexity="1">
              <lines>
                <line number="9" hits="15" branch="False" />
              </lines>
            </method>
            <method name="get_LastProcessorId" signature="()" line-rate="1" branch-rate="1" complexity="1">
              <lines>
                <line number="10" hits="83" branch="False" />
              </lines>
            </method>
            <method name="get_CurrentStatus" signature="()" line-rate="1" branch-rate="1" complexity="1">
              <lines>
                <line number="12" hits="86" branch="False" />
              </lines>
            </method>
            <method name="get_Activities" signature="()" line-rate="1" branch-rate="1" complexity="1">
              <lines>
                <line number="13" hits="121" branch="False" />
              </lines>
            </method>
            <method name="get_RemainingTimeInActivity" signature="()" line-rate="1" branch-rate="1" complexity="1">
              <lines>
                <line number="15" hits="50" branch="False" />
              </lines>
            </method>
            <method name="get_ReadyAtTick" signature="()" line-rate="1" branch-rate="1" complexity="1">
              <lines>
                <line number="17" hits="67" branch="False" />
              </lines>
            </method>
            <method name=".ctor" signature="(System.Int32,System.Int32,System.Int32,System.Collections.Generic.Queue`1&lt;OS.Core.Activity&gt;)" line-rate="1" branch-rate="1" complexity="1">
              <lines>
                <line number="19" hits="45" branch="False" />
                <line number="20" hits="45" branch="False" />
                <line number="21" hits="45" branch="False" />
                <line number="22" hits="45" branch="False" />
                <line number="23" hits="45" branch="False" />
                <line number="24" hits="45" branch="False" />
                <line number="25" hits="45" branch="False" />
              </lines>
            </method>
          </methods>
          <lines>
            <line number="7" hits="38" branch="False" />
            <line number="8" hits="50" branch="False" />
            <line number="9" hits="15" branch="False" />
            <line number="10" hits="83" branch="False" />
            <line number="12" hits="86" branch="False" />
            <line number="13" hits="121" branch="False" />
            <line number="15" hits="50" branch="False" />
            <line number="17" hits="67" branch="False" />
            <line number="19" hits="45" branch="False" />
            <line number="20" hits="45" branch="False" />
            <line number="21" hits="45" branch="False" />
            <line number="22" hits="45" branch="False" />
            <line number="23" hits="45" branch="False" />
            <line number="24" hits="45" branch="False" />
            <line number="25" hits="45" branch="False" />
          </lines>
        </class>
        <class name="OS.Core.Processor" filename="Core\Processor.cs" line-rate="1" branch-rate="1" complexity="5">
          <methods>
            <method name="get_Id" signature="()" line-rate="1" branch-rate="1" complexity="1">
              <lines>
                <line number="5" hits="38" branch="False" />
              </lines>
            </method>
            <method name="get_CurrentProcess" signature="()" line-rate="1" branch-rate="1" complexity="1">
              <lines>
                <line number="6" hits="109" branch="False" />
              </lines>
            </method>
            <method name="get_TimeSpentInSlice" signature="()" line-rate="1" branch-rate="1" complexity="1">
              <lines>
                <line number="8" hits="78" branch="False" />
              </lines>
            </method>
            <method name="get_IsFree" signature="()" line-rate="1" branch-rate="1" complexity="1">
              <lines>
                <line number="16" hits="73" branch="False" />
              </lines>
            </method>
            <method name=".ctor" signature="(System.Int32)" line-rate="1" branch-rate="1" complexity="1">
              <lines>
                <line number="10" hits="42" branch="False" />
                <line number="11" hits="42" branch="False" />
                <line number="12" hits="42" branch="False" />
                <line number="13" hits="42" branch="False" />
              </lines>
            </method>
          </methods>
          <lines>
            <line number="5" hits="38" branch="False" />
            <line number="6" hits="109" branch="False" />
            <line number="8" hits="78" branch="False" />
            <line number="16" hits="73" branch="False" />
            <line number="10" hits="42" branch="False" />
            <line number="11" hits="42" branch="False" />
            <line number="12" hits="42" branch="False" />
            <line number="13" hits="42" branch="False" />
          </lines>
        </class>
        <class name="OS.Core.Scheduler" filename="Core\Scheduler.cs" line-rate="0.9451999999999999" branch-rate="0.9166" complexity="53">
          <methods>
            <method name="get_Events" signature="()" line-rate="1" branch-rate="1" complexity="1">
              <lines>
                <line number="20" hits="67" branch="False" />
              </lines>
            </method>
            <method name="get_Processors" signature="()" line-rate="1" branch-rate="1" complexity="1">
              <lines>
                <line number="22" hits="21" branch="False" />
              </lines>
            </method>
            <method name="get_AllProcesses" signature="()" line-rate="1" branch-rate="1" complexity="1">
              <lines>
                <line number="23" hits="1" branch="False" />
              </lines>
            </method>
            <method name="get_TotalMemory" signature="()" line-rate="1" branch-rate="1" complexity="1">
              <lines>
                <line number="25" hits="6" branch="False" />
              </lines>
            </method>
            <method name="Ticks" signature="()" line-rate="0.9166" branch-rate="0.9545" complexity="22">
              <lines>
                <line number="62" hits="23" branch="False" />
                <line number="64" hits="23" branch="True" condition-coverage="100% (4/4)">
                  <conditions>
                    <condition number="8" type="jump" coverage="100%" />
                    <condition number="31" type="jump" coverage="100%" />
                  </conditions>
                </line>
                <line number="65" hits="1" branch="False" />
                <line number="66" hits="1" branch="False" />
                <line number="67" hits="1" branch="False" />
                <line number="70" hits="72" branch="True" condition-coverage="100% (2/2)">
                  <conditions>
                    <condition number="142" type="jump" coverage="100%" />
                  </conditions>
                </line>
                <line number="71" hits="13" branch="False" />
                <line number="72" hits="13" branch="False" />
                <line number="73" hits="13" branch="True" condition-coverage="100% (2/2)">
                  <conditions>
                    <condition number="88" type="jump" coverage="100%" />
                  </conditions>
                </line>
                <line number="74" hits="13" branch="False" />
                <line number="75" hits="13" branch="False" />
                <line number="76" hits="13" branch="False" />
                <line number="77" hits="13" branch="False" />
                <line number="78" hits="13" branch="False" />
                <line number="79" hits="13" branch="False" />
                <line number="82" hits="117" branch="True" condition-coverage="100% (2/2)">
                  <conditions>
                    <condition number="716" type="jump" coverage="100%" />
                  </conditions>
                </line>
                <line number="83" hits="24" branch="False" />
                <line number="84" hits="24" branch="True" condition-coverage="100% (2/2)">
                  <conditions>
                    <condition number="187" type="jump" coverage="100%" />
                  </conditions>
                </line>
                <line number="85" hits="7" branch="False" />
                <line number="86" hits="7" branch="False" />
                <line number="89" hits="7" branch="True" condition-coverage="100% (2/2)">
                  <conditions>
                    <condition number="224" type="jump" coverage="100%" />
                  </conditions>
                </line>
                <line number="90" hits="5" branch="False" />
                <line number="91" hits="5" branch="False" />
                <line number="92" hits="5" branch="False" />
                <line number="95" hits="5" branch="False" />
                <line number="96" hits="5" branch="False" />
                <line number="98" hits="2" branch="False" />
                <line number="100" hits="2" branch="False" />
                <line number="101" hits="2" branch="False" />
                <line number="104" hits="7" branch="False" />
                <line number="105" hits="7" branch="False" />
                <line number="107" hits="7" branch="True" condition-coverage="100% (2/2)">
                  <conditions>
                    <condition number="422" type="jump" coverage="100%" />
                  </conditions>
                </line>
                <line number="108" hits="2" branch="False" />
                <line number="110" hits="2" branch="False" />
                <line number="111" hits="2" branch="False" />
                <line number="113" hits="2" branch="True" condition-coverage="100% (2/2)">
                  <conditions>
                    <condition number="452" type="jump" coverage="100%" />
                  </conditions>
                </line>
                <line number="114" hits="1" branch="False" />
                <line number="115" hits="1" branch="True" condition-coverage="50% (1/2)">
                  <conditions>
                    <condition number="477" type="jump" coverage="50%" />
                  </conditions>
                </line>
                <line number="116" hits="0" branch="False" />
                <line number="119" hits="0" branch="False" />
                <line number="120" hits="0" branch="False" />
                <line number="121" hits="0" branch="False" />
                <line number="122" hits="0" branch="False" />
                <line number="124" hits="1" branch="False" />
                <line number="125" hits="1" branch="False" />
                <line number="126" hits="1" branch="False" />
                <line number="127" hits="1" branch="False" />
                <line number="128" hits="1" branch="False" />
                <line number="129" hits="1" branch="True" condition-coverage="100% (2/2)">
                  <conditions>
                    <condition number="628" type="jump" coverage="100%" />
                  </conditions>
                </line>
                <line number="130" hits="1" branch="False" />
                <line number="132" hits="1" branch="False" />
                <line number="133" hits="1" branch="False" />
                <line number="134" hits="1" branch="False" />
                <line number="135" hits="1" branch="False" />
                <line number="136" hits="2" branch="False" />
                <line number="137" hits="7" branch="False" />
                <line number="138" hits="24" branch="False" />
                <line number="141" hits="23" branch="False" />
                <line number="144" hits="23" branch="False" />
                <line number="145" hits="23" branch="False" />
              </lines>
            </method>
            <method name="ExistFreeProcessor" signature="()" line-rate="1" branch-rate="1" complexity="1">
              <lines>
                <line number="147" hits="28" branch="False" />
              </lines>
            </method>
            <method name="FindBestProcessor" signature="(OS.Core.Process)" line-rate="1" branch-rate="1" complexity="4">
              <lines>
                <line number="150" hits="14" branch="False" />
                <line number="152" hits="14" branch="True" condition-coverage="100% (4/4)">
                  <conditions>
                    <condition number="8" type="jump" coverage="100%" />
                    <condition number="37" type="jump" coverage="100%" />
                  </conditions>
                </line>
                <line number="153" hits="2" branch="False" />
                <line number="154" hits="2" branch="False" />
                <line number="158" hits="24" branch="False" />
                <line number="159" hits="14" branch="False" />
              </lines>
            </method>
            <method name="ScheduleReadyProcesses" signature="()" line-rate="0.8845999999999999" branch-rate="0.9" complexity="10">
              <lines>
                <line number="162" hits="23" branch="False" />
                <line number="163" hits="37" branch="True" condition-coverage="100% (4/4)">
                  <conditions>
                    <condition number="335" type="jump" coverage="100%" />
                    <condition number="320" type="jump" coverage="100%" />
                  </conditions>
                </line>
                <line number="164" hits="14" branch="False" />
                <line number="165" hits="14" branch="False" />
                <line number="166" hits="14" branch="False" />
                <line number="168" hits="14" branch="True" condition-coverage="50% (1/2)">
                  <conditions>
                    <condition number="33" type="jump" coverage="50%" />
                  </conditions>
                </line>
                <line number="169" hits="14" branch="False" />
                <line number="171" hits="14" branch="False" />
                <line number="173" hits="14" branch="False" />
                <line number="174" hits="14" branch="False" />
                <line number="175" hits="14" branch="False" />
                <line number="176" hits="14" branch="False" />
                <line number="177" hits="14" branch="False" />
                <line number="179" hits="14" branch="True" condition-coverage="100% (4/4)">
                  <conditions>
                    <condition number="111" type="jump" coverage="100%" />
                    <condition number="134" type="jump" coverage="100%" />
                  </conditions>
                </line>
                <line number="180" hits="13" branch="False" />
                <line number="181" hits="13" branch="False" />
                <line number="182" hits="13" branch="False" />
                <line number="183" hits="13" branch="False" />
                <line number="186" hits="14" branch="False" />
                <line number="188" hits="14" branch="False" />
                <line number="189" hits="14" branch="False" />
                <line number="191" hits="0" branch="False" />
                <line number="192" hits="0" branch="False" />
                <line number="193" hits="0" branch="False" />
                <line number="195" hits="14" branch="False" />
                <line number="196" hits="23" branch="False" />
              </lines>
            </method>
            <method name="HandleSystemProcess" signature="()" line-rate="1" branch-rate="1" complexity="2">
              <lines>
                <line number="199" hits="1" branch="False" />
                <line number="200" hits="2" branch="False" />
                <line number="201" hits="1" branch="True" condition-coverage="100% (2/2)">
                  <conditions>
                    <condition number="50" type="jump" coverage="100%" />
                  </conditions>
                </line>
                <line number="202" hits="1" branch="False" />
                <line number="203" hits="1" branch="False" />
                <line number="204" hits="1" branch="False" />
                <line number="205" hits="1" branch="False" />
              </lines>
            </method>
            <method name="IsFinished" signature="()" line-rate="1" branch-rate="0.5" complexity="4">
              <lines>
                <line number="208" hits="7" branch="False" />
                <line number="209" hits="7" branch="True" condition-coverage="50% (2/4)">
                  <conditions>
                    <condition number="12" type="jump" coverage="50%" />
                    <condition number="25" type="jump" coverage="50%" />
                  </conditions>
                </line>
                <line number="210" hits="7" branch="False" />
                <line number="211" hits="14" branch="False" />
                <line number="212" hits="7" branch="False" />
              </lines>
            </method>
            <method name="Reset" signature="()" line-rate="1" branch-rate="1" complexity="2">
              <lines>
                <line number="215" hits="2" branch="False" />
                <line number="217" hits="2" branch="False" />
                <line number="218" hits="2" branch="False" />
                <line number="221" hits="10" branch="True" condition-coverage="100% (2/2)">
                  <conditions>
                    <condition number="65" type="jump" coverage="100%" />
                  </conditions>
                </line>
                <line number="222" hits="2" branch="False" />
                <line number="225" hits="2" branch="False" />
                <line number="226" hits="2" branch="False" />
                <line number="229" hits="2" branch="False" />
                <line number="230" hits="2" branch="False" />
              </lines>
            </method>
            <method name=".ctor" signature="(System.Int32,System.Int32,System.Double,System.Int32,System.Int32,System.Collections.Generic.List`1&lt;OS.Core.Process&gt;)" line-rate="1" branch-rate="1" complexity="2">
              <lines>
                <line number="14" hits="25" branch="False" />
                <line number="16" hits="25" branch="False" />
                <line number="18" hits="25" branch="False" />
                <line number="27" hits="13" branch="False" />
                <line number="28" hits="13" branch="False" />
                <line number="29" hits="13" branch="False" />
                <line number="31" hits="68" branch="True" condition-coverage="100% (2/2)">
                  <conditions>
                    <condition number="94" type="jump" coverage="100%" />
                  </conditions>
                </line>
                <line number="32" hits="21" branch="False" />
                <line number="33" hits="21" branch="False" />
                <line number="34" hits="21" branch="False" />
                <line number="36" hits="13" branch="False" />
                <line number="37" hits="13" branch="False" />
                <line number="38" hits="13" branch="False" />
                <line number="40" hits="13" branch="False" />
                <line number="42" hits="13" branch="False" />
                <line number="43" hits="13" branch="False" />
              </lines>
            </method>
            <method name=".ctor" signature="(System.Int32,System.Int32,System.Int32,System.Collections.Generic.List`1&lt;OS.Core.Process&gt;,OS.Core.IMemoryManager)" line-rate="1" branch-rate="1" complexity="2">
              <lines>
                <line number="45" hits="12" branch="False" />
                <line number="46" hits="12" branch="False" />
                <line number="47" hits="12" branch="False" />
                <line number="49" hits="52" branch="True" condition-coverage="100% (2/2)">
                  <conditions>
                    <condition number="94" type="jump" coverage="100%" />
                  </conditions>
                </line>
                <line number="50" hits="14" branch="False" />
                <line number="51" hits="14" branch="False" />
                <line number="52" hits="14" branch="False" />
                <line number="54" hits="12" branch="False" />
                <line number="55" hits="12" branch="False" />
                <line number="56" hits="12" branch="False" />
                <line number="58" hits="12" branch="False" />
                <line number="59" hits="12" branch="False" />
              </lines>
            </method>
          </methods>
          <lines>
            <line number="20" hits="67" branch="False" />
            <line number="22" hits="21" branch="False" />
            <line number="23" hits="1" branch="False" />
            <line number="25" hits="6" branch="False" />
            <line number="62" hits="23" branch="False" />
            <line number="64" hits="23" branch="True" condition-coverage="100% (4/4)">
              <conditions>
                <condition number="8" type="jump" coverage="100%" />
                <condition number="31" type="jump" coverage="100%" />
              </conditions>
            </line>
            <line number="65" hits="1" branch="False" />
            <line number="66" hits="1" branch="False" />
            <line number="67" hits="1" branch="False" />
            <line number="70" hits="72" branch="True" condition-coverage="100% (2/2)">
              <conditions>
                <condition number="142" type="jump" coverage="100%" />
              </conditions>
            </line>
            <line number="71" hits="13" branch="False" />
            <line number="72" hits="13" branch="False" />
            <line number="73" hits="13" branch="True" condition-coverage="100% (2/2)">
              <conditions>
                <condition number="88" type="jump" coverage="100%" />
              </conditions>
            </line>
            <line number="74" hits="13" branch="False" />
            <line number="75" hits="13" branch="False" />
            <line number="76" hits="13" branch="False" />
            <line number="77" hits="13" branch="False" />
            <line number="78" hits="13" branch="False" />
            <line number="79" hits="13" branch="False" />
            <line number="82" hits="117" branch="True" condition-coverage="100% (2/2)">
              <conditions>
                <condition number="716" type="jump" coverage="100%" />
              </conditions>
            </line>
            <line number="83" hits="24" branch="False" />
            <line number="84" hits="24" branch="True" condition-coverage="100% (2/2)">
              <conditions>
                <condition number="187" type="jump" coverage="100%" />
              </conditions>
            </line>
            <line number="85" hits="7" branch="False" />
            <line number="86" hits="7" branch="False" />
            <line number="89" hits="7" branch="True" condition-coverage="100% (2/2)">
              <conditions>
                <condition number="224" type="jump" coverage="100%" />
              </conditions>
            </line>
            <line number="90" hits="5" branch="False" />
            <line number="91" hits="5" branch="False" />
            <line number="92" hits="5" branch="False" />
            <line number="95" hits="5" branch="False" />
            <line number="96" hits="5" branch="False" />
            <line number="98" hits="2" branch="False" />
            <line number="100" hits="2" branch="False" />
            <line number="101" hits="2" branch="False" />
            <line number="104" hits="7" branch="False" />
            <line number="105" hits="7" branch="False" />
            <line number="107" hits="7" branch="True" condition-coverage="100% (2/2)">
              <conditions>
                <condition number="422" type="jump" coverage="100%" />
              </conditions>
            </line>
            <line number="108" hits="2" branch="False" />
            <line number="110" hits="2" branch="False" />
            <line number="111" hits="2" branch="False" />
            <line number="113" hits="2" branch="True" condition-coverage="100% (2/2)">
              <conditions>
                <condition number="452" type="jump" coverage="100%" />
              </conditions>
            </line>
            <line number="114" hits="1" branch="False" />
            <line number="115" hits="1" branch="True" condition-coverage="50% (1/2)">
              <conditions>
                <condition number="477" type="jump" coverage="50%" />
              </conditions>
            </line>
            <line number="116" hits="0" branch="False" />
            <line number="119" hits="0" branch="False" />
            <line number="120" hits="0" branch="False" />
            <line number="121" hits="0" branch="False" />
            <line number="122" hits="0" branch="False" />
            <line number="124" hits="1" branch="False" />
            <line number="125" hits="1" branch="False" />
            <line number="126" hits="1" branch="False" />
            <line number="127" hits="1" branch="False" />
            <line number="128" hits="1" branch="False" />
            <line number="129" hits="1" branch="True" condition-coverage="100% (2/2)">
              <conditions>
                <condition number="628" type="jump" coverage="100%" />
              </conditions>
            </line>
            <line number="130" hits="1" branch="False" />
            <line number="132" hits="1" branch="False" />
            <line number="133" hits="1" branch="False" />
            <line number="134" hits="1" branch="False" />
            <line number="135" hits="1" branch="False" />
            <line number="136" hits="2" branch="False" />
            <line number="137" hits="7" branch="False" />
            <line number="138" hits="24" branch="False" />
            <line number="141" hits="23" branch="False" />
            <line number="144" hits="23" branch="False" />
            <line number="145" hits="23" branch="False" />
            <line number="147" hits="28" branch="False" />
            <line number="150" hits="14" branch="False" />
            <line number="152" hits="14" branch="True" condition-coverage="100% (4/4)">
              <conditions>
                <condition number="8" type="jump" coverage="100%" />
                <condition number="37" type="jump" coverage="100%" />
              </conditions>
            </line>
            <line number="153" hits="2" branch="False" />
            <line number="154" hits="2" branch="False" />
            <line number="158" hits="24" branch="False" />
            <line number="159" hits="14" branch="False" />
            <line number="162" hits="23" branch="False" />
            <line number="163" hits="37" branch="True" condition-coverage="100% (4/4)">
              <conditions>
                <condition number="335" type="jump" coverage="100%" />
                <condition number="320" type="jump" coverage="100%" />
              </conditions>
            </line>
            <line number="164" hits="14" branch="False" />
            <line number="165" hits="14" branch="False" />
            <line number="166" hits="14" branch="False" />
            <line number="168" hits="14" branch="True" condition-coverage="50% (1/2)">
              <conditions>
                <condition number="33" type="jump" coverage="50%" />
              </conditions>
            </line>
            <line number="169" hits="14" branch="False" />
            <line number="171" hits="14" branch="False" />
            <line number="173" hits="14" branch="False" />
            <line number="174" hits="14" branch="False" />
            <line number="175" hits="14" branch="False" />
            <line number="176" hits="14" branch="False" />
            <line number="177" hits="14" branch="False" />
            <line number="179" hits="14" branch="True" condition-coverage="100% (4/4)">
              <conditions>
                <condition number="111" type="jump" coverage="100%" />
                <condition number="134" type="jump" coverage="100%" />
              </conditions>
            </line>
            <line number="180" hits="13" branch="False" />
            <line number="181" hits="13" branch="False" />
            <line number="182" hits="13" branch="False" />
            <line number="183" hits="13" branch="False" />
            <line number="186" hits="14" branch="False" />
            <line number="188" hits="14" branch="False" />
            <line number="189" hits="14" branch="False" />
            <line number="191" hits="0" branch="False" />
            <line number="192" hits="0" branch="False" />
            <line number="193" hits="0" branch="False" />
            <line number="195" hits="14" branch="False" />
            <line number="196" hits="23" branch="False" />
            <line number="199" hits="1" branch="False" />
            <line number="200" hits="2" branch="False" />
            <line number="201" hits="1" branch="True" condition-coverage="100% (2/2)">
              <conditions>
                <condition number="50" type="jump" coverage="100%" />
              </conditions>
            </line>
            <line number="202" hits="1" branch="False" />
            <line number="203" hits="1" branch="False" />
            <line number="204" hits="1" branch="False" />
            <line number="205" hits="1" branch="False" />
            <line number="208" hits="7" branch="False" />
            <line number="209" hits="7" branch="True" condition-coverage="50% (2/4)">
              <conditions>
                <condition number="12" type="jump" coverage="50%" />
                <condition number="25" type="jump" coverage="50%" />
              </conditions>
            </line>
            <line number="210" hits="7" branch="False" />
            <line number="211" hits="14" branch="False" />
            <line number="212" hits="7" branch="False" />
            <line number="215" hits="2" branch="False" />
            <line number="217" hits="2" branch="False" />
            <line number="218" hits="2" branch="False" />
            <line number="221" hits="10" branch="True" condition-coverage="100% (2/2)">
              <conditions>
                <condition number="65" type="jump" coverage="100%" />
              </conditions>
            </line>
            <line number="222" hits="2" branch="False" />
            <line number="225" hits="2" branch="False" />
            <line number="226" hits="2" branch="False" />
            <line number="229" hits="2" branch="False" />
            <line number="230" hits="2" branch="False" />
            <line number="14" hits="25" branch="False" />
            <line number="16" hits="25" branch="False" />
            <line number="18" hits="25" branch="False" />
            <line number="27" hits="13" branch="False" />
            <line number="28" hits="13" branch="False" />
            <line number="29" hits="13" branch="False" />
            <line number="31" hits="68" branch="True" condition-coverage="100% (2/2)">
              <conditions>
                <condition number="94" type="jump" coverage="100%" />
              </conditions>
            </line>
            <line number="32" hits="21" branch="False" />
            <line number="33" hits="21" branch="False" />
            <line number="34" hits="21" branch="False" />
            <line number="36" hits="13" branch="False" />
            <line number="37" hits="13" branch="False" />
            <line number="38" hits="13" branch="False" />
            <line number="40" hits="13" branch="False" />
            <line number="42" hits="13" branch="False" />
            <line number="43" hits="13" branch="False" />
            <line number="45" hits="12" branch="False" />
            <line number="46" hits="12" branch="False" />
            <line number="47" hits="12" branch="False" />
            <line number="49" hits="52" branch="True" condition-coverage="100% (2/2)">
              <conditions>
                <condition number="94" type="jump" coverage="100%" />
              </conditions>
            </line>
            <line number="50" hits="14" branch="False" />
            <line number="51" hits="14" branch="False" />
            <line number="52" hits="14" branch="False" />
            <line number="54" hits="12" branch="False" />
            <line number="55" hits="12" branch="False" />
            <line number="56" hits="12" branch="False" />
            <line number="58" hits="12" branch="False" />
            <line number="59" hits="12" branch="False" />
          </lines>
        </class>
      </classes>
    </package>
  </packages>
</coverage>